<?xml version="1.0" encoding="UTF-8"?>
<!-- Generated by org.testng.reporters.JUnitXMLReporter -->
<testsuite hostname="DESKTOP-P7F9I7N" ignored="0" name="Test1" tests="1" failures="1" timestamp="15 Dec 2018 09:33:50 GMT" time="9.01" errors="0">
  <testcase name="setUp" time="8.916" classname="com.customer.testcases.LanguageSwitcherTest">
    <failure type="java.lang.NullPointerException">
      <![CDATA[java.lang.NullPointerException
at com.customer.pages.LanguageSwitcherPage.<init>(LanguageSwitcherPage.java:17)
at com.customer.testcases.LanguageSwitcherTest.setUp(LanguageSwitcherTest.java:24)
... Removed 25 stack frames]]>
    </failure>
  </testcase> <!-- setUp -->
</testsuite> <!-- Test1 -->
